testasdUnhandled exception 
Unhandled exception 
Unhandled exception 
Unhandled exception 
Unhandled exception 
Unhandled exception 
Unhandled exception 
Unhandled exception 
Unhandled exception 
2017-03-16 17:35:16.309391 Unhandled Exception: aaaaaaaaaaaa
2017-03-16 17:35:28.428015 Unhandled Exception: aaaaaaaaaaaa
2017-03-16 17:35:28.678594 Unhandled Exception: aaaaaaaaaaaa
2017-03-16 17:35:28.739802 Unhandled Exception: aaaaaaaaaaaa
2017-03-16 17:35:28.987508 Unhandled Exception: aaaaaaaaaaaa
2017-03-16 17:35:29.048671 Unhandled Exception: aaaaaaaaaaaa
2017-03-17 11:19:35.590208 Unhandled Exception: [WinError 10060] A connection attempt failed because the connected party did not properly respond after a period of time, or established connection failed because connected host has failed to respond
2017-03-17 11:36:18.585678 Unhandled Exception: send_activate_email() missing 1 required positional argument: 'to_address'
2017-03-17 11:36:58.544913 Unhandled Exception: list index out of range
Sending activation email for: test6@test.hu
Failed to send email for: test6@test.hu Exception: [WinError 10060] A connection attempt failed because the connected party did not properly respond after a period of time, or established connection failed because connected host has failed to respond
Sending activation email for: test@test.hu
Failed to send email for: test@test.hu Exception: (535, b'5.7.8 Username and Password not accepted. Learn more at\n5.7.8  https://support.google.com/mail/?p=BadCredentials k63sm2044146wmf.9 - gsmtp')
2017-04-08 11:27:35.989249 Unhandled Exception: delete_file() takes 1 positional argument but 2 were given
2017-04-08 11:28:54.723713 Unhandled Exception: delete_file() takes 1 positional argument but 2 were given
2017-04-08 11:30:03.921393 Unhandled Exception: 'Query' object has no attribute 'file_name'
